[debug] [2025-02-07T18:34:17.080Z] ----------------------------------------------------------------------
[debug] [2025-02-07T18:34:17.083Z] Command:       C:\Program Files\nodejs\node.exe C:\Users\arthur.lima\AppData\Roaming\npm\node_modules\firebase-tools\lib\bin\firebase.js login --reauth
[debug] [2025-02-07T18:34:17.083Z] CLI Version:   13.30.0
[debug] [2025-02-07T18:34:17.083Z] Platform:      win32
[debug] [2025-02-07T18:34:17.083Z] Node Version:  v22.13.0
[debug] [2025-02-07T18:34:17.083Z] Time:          Fri Feb 07 2025 15:34:17 GMT-0300 (Horário Padrão de Brasília)
[debug] [2025-02-07T18:34:17.084Z] ----------------------------------------------------------------------
[debug] 
[info] 
[info] Visit this URL on this device to log in:
[info] https://accounts.google.com/o/oauth2/auth?client_id=563584335869-fgrhgmd47bqnekij5i8b5pr03ho849e6.apps.googleusercontent.com&scope=email%20openid%20https%3A%2F%2Fwww.googleapis.com%2Fauth%2Fcloudplatformprojects.readonly%20https%3A%2F%2Fwww.googleapis.com%2Fauth%2Ffirebase%20https%3A%2F%2Fwww.googleapis.com%2Fauth%2Fcloud-platform&response_type=code&state=998535086&redirect_uri=http%3A%2F%2Flocalhost%3A9005
[info] 
[info] Waiting for authentication...
[debug] [2025-02-07T18:35:00.311Z] >>> [apiv2][query] POST https://accounts.google.com/o/oauth2/token [none]
[debug] [2025-02-07T18:35:00.312Z] >>> [apiv2][body] POST https://accounts.google.com/o/oauth2/token [omitted]
[debug] [2025-02-07T18:35:00.577Z] *** [apiv2] error from fetch(https://accounts.google.com/o/oauth2/token, {"headers":{},"method":"POST","body":{"_overheadLength":543,"_valueLength":208,"_valuesToMeasure":[],"writable":false,"readable":true,"dataSize":0,"maxDataSize":2097152,"pauseStreams":true,"_released":true,"_streams":[],"_currentStream":null,"_insideLoop":false,"_pendingNext":false,"_boundary":"--------------------------752926792866701887911482","_events":{},"_eventsCount":1}}): FetchError: request to https://accounts.google.com/o/oauth2/token failed, reason: self-signed certificate in certificate chain
[debug] [2025-02-07T18:35:00.578Z] Token Fetch Error: FirebaseError: Failed to make request to https://accounts.google.com/o/oauth2/token
    at RetryOperation._fn (C:\Users\arthur.lima\AppData\Roaming\npm\node_modules\firebase-tools\lib\apiv2.js:261:31)
    at process.processTicksAndRejections (node:internal/process/task_queues:105:5)
[error] Authentication Error: Your credentials are no longer valid. Please run firebase login --reauth

For CI servers and headless environments, generate a new token with firebase login:ci
[debug] [2025-02-07T18:35:00.596Z] >>> [apiv2][query] POST https://auth.firebase.tools/attest [none]
[debug] [2025-02-07T18:35:00.597Z] >>> [apiv2][body] POST https://auth.firebase.tools/attest {"session_id":"542d929d-9a32-47d1-884f-decef9962a1d"}
[debug] [2025-02-07T18:35:01.230Z] <<< [apiv2][status] POST https://auth.firebase.tools/attest 200
[debug] [2025-02-07T18:35:01.231Z] <<< [apiv2][body] POST https://auth.firebase.tools/attest {"token":"SAN65_PvCLGirq1JLl8qKKSsqKMQ6GYarC0ij4cQ0fk"}
[info] 
[info] To sign in to the Firebase CLI:
[info] 
[info] 1. Take note of your session ID:
[info] 
[info]    542D9
[info] 
[info] 2. Visit the URL below on any device and follow the instructions to get your code:
[info] 
[info]    https://auth.firebase.tools/login?code_challenge=S7NxUEsNDLwi_G_n5V5GjZqsdsPaCH_QpQgcQl3HabU&session=542d929d-9a32-47d1-884f-decef9962a1d&attest=SAN65_PvCLGirq1JLl8qKKSsqKMQ6GYarC0ij4cQ0fk
[info] 
[info] 3. Paste or enter the authorization code below once you have it:
[info] 
